This is pdfTeX, Version 3.141592653-2.6-1.40.25 (TeX Live 2023) (preloaded format=pdflatex 2023.12.4)  20 JUL 2024 18:46
entering extended mode
 restricted \write18 enabled.
 file:line:error style messages enabled.
 %&-line parsing enabled.
**c:/Users/zaid3/OneDrive/Desktop/GP/GP.tex
(c:/Users/zaid3/OneDrive/Desktop/GP/GP.tex
LaTeX2e <2023-11-01>
L3 programming layer <2023-11-09>
(c:/texlive/2023/texmf-dist/tex/latex/base/report.cls
Document Class: report 2023/05/17 v1.4n Standard LaTeX document class
(c:/texlive/2023/texmf-dist/tex/latex/base/size12.clo
File: size12.clo 2023/05/17 v1.4n Standard LaTeX file (size option)
)
\c@part=\count186
\c@chapter=\count187
\c@section=\count188
\c@subsection=\count189
\c@subsubsection=\count190
\c@paragraph=\count191
\c@subparagraph=\count192
\c@figure=\count193
\c@table=\count194
\abovecaptionskip=\skip48
\belowcaptionskip=\skip49
\bibindent=\dimen140
) (c:/texlive/2023/texmf-dist/tex/latex/base/inputenc.sty
Package: inputenc 2021/02/14 v1.3d Input encoding file
\inpenc@prehook=\toks17
\inpenc@posthook=\toks18
) (c:/texlive/2023/texmf-dist/tex/latex/graphics/graphicx.sty
Package: graphicx 2021/09/16 v1.2d Enhanced LaTeX Graphics (DPC,SPQR)
 (c:/texlive/2023/texmf-dist/tex/latex/graphics/keyval.sty
Package: keyval 2022/05/29 v1.15 key=value parser (DPC)
\KV@toks@=\toks19
) (c:/texlive/2023/texmf-dist/tex/latex/graphics/graphics.sty
Package: graphics 2022/03/10 v1.4e Standard LaTeX Graphics (DPC,SPQR)
 (c:/texlive/2023/texmf-dist/tex/latex/graphics/trig.sty
Package: trig 2021/08/11 v1.11 sin cos tan (DPC)
) (c:/texlive/2023/texmf-dist/tex/latex/graphics-cfg/graphics.cfg
File: graphics.cfg 2016/06/04 v1.11 sample graphics configuration
)
Package graphics Info: Driver file: pdftex.def on input line 107.
 (c:/texlive/2023/texmf-dist/tex/latex/graphics-def/pdftex.def
File: pdftex.def 2022/09/22 v1.2b Graphics/color driver for pdftex
))
\Gin@req@height=\dimen141
\Gin@req@width=\dimen142
) (c:/texlive/2023/texmf-dist/tex/latex/geometry/geometry.sty
Package: geometry 2020/01/02 v5.9 Page Geometry
 (c:/texlive/2023/texmf-dist/tex/generic/iftex/ifvtex.sty
Package: ifvtex 2019/10/25 v1.7 ifvtex legacy package. Use iftex instead.
 (c:/texlive/2023/texmf-dist/tex/generic/iftex/iftex.sty
Package: iftex 2022/02/03 v1.0f TeX engine tests
))
\Gm@cnth=\count195
\Gm@cntv=\count196
\c@Gm@tempcnt=\count197
\Gm@bindingoffset=\dimen143
\Gm@wd@mp=\dimen144
\Gm@odd@mp=\dimen145
\Gm@even@mp=\dimen146
\Gm@layoutwidth=\dimen147
\Gm@layoutheight=\dimen148
\Gm@layouthoffset=\dimen149
\Gm@layoutvoffset=\dimen150
\Gm@dimlist=\toks20
) (c:/texlive/2023/texmf-dist/tex/latex/xcolor/xcolor.sty
Package: xcolor 2023/11/15 v3.01 LaTeX color extensions (UK)
 (c:/texlive/2023/texmf-dist/tex/latex/graphics-cfg/color.cfg
File: color.cfg 2016/01/02 v1.6 sample color configuration
)
Package xcolor Info: Driver file: pdftex.def on input line 274.
 (c:/texlive/2023/texmf-dist/tex/latex/graphics/mathcolor.ltx)
Package xcolor Info: Model `cmy' substituted by `cmy0' on input line 1350.
Package xcolor Info: Model `hsb' substituted by `rgb' on input line 1354.
Package xcolor Info: Model `RGB' extended on input line 1366.
Package xcolor Info: Model `HTML' substituted by `rgb' on input line 1368.
Package xcolor Info: Model `Hsb' substituted by `hsb' on input line 1369.
Package xcolor Info: Model `tHsb' substituted by `hsb' on input line 1370.
Package xcolor Info: Model `HSB' substituted by `hsb' on input line 1371.
Package xcolor Info: Model `Gray' substituted by `gray' on input line 1372.
Package xcolor Info: Model `wave' substituted by `hsb' on input line 1373.
) (c:/texlive/2023/texmf-dist/tex/latex/fancyhdr/fancyhdr.sty
Package: fancyhdr 2022/11/09 v4.1 Extensive control of page headers and footers
\f@nch@headwidth=\skip50
\f@nch@O@elh=\skip51
\f@nch@O@erh=\skip52
\f@nch@O@olh=\skip53
\f@nch@O@orh=\skip54
\f@nch@O@elf=\skip55
\f@nch@O@erf=\skip56
\f@nch@O@olf=\skip57
\f@nch@O@orf=\skip58
) (c:/texlive/2023/texmf-dist/tex/latex/setspace/setspace.sty
Package: setspace 2022/12/04 v6.7b set line spacing
) (c:/texlive/2023/texmf-dist/tex/latex/tools/indentfirst.sty
Package: indentfirst 2023/07/02 v1.03 Indent first paragraph (DPC)
) (c:/texlive/2023/texmf-dist/tex/latex/appendix/appendix.sty
Package: appendix 2020/02/08 v1.2c extra appendix facilities
\c@@pps=\count198
\c@@ppsavesec=\count199
\c@@ppsaveapp=\count266
) (c:/texlive/2023/texmf-dist/tex/latex/titlesec/titlesec.sty
Package: titlesec 2023/10/27 v2.16 Sectioning titles
\ttl@box=\box51
\beforetitleunit=\skip59
\aftertitleunit=\skip60
\ttl@plus=\dimen151
\ttl@minus=\dimen152
\ttl@toksa=\toks21
\titlewidth=\dimen153
\titlewidthlast=\dimen154
\titlewidthfirst=\dimen155
) (c:/texlive/2023/texmf-dist/tex/latex/natbib/natbib.sty
Package: natbib 2010/09/13 8.31b (PWD, AO)
\bibhang=\skip61
\bibsep=\skip62
LaTeX Info: Redefining \cite on input line 694.
\c@NAT@ctr=\count267
) (c:/texlive/2023/texmf-dist/tex/latex/url/url.sty
\Urlmuskip=\muskip16
Package: url 2013/09/16  ver 3.4  Verb mode for urls, etc.
) (c:/texlive/2023/texmf-dist/tex/latex/etoolbox/etoolbox.sty
Package: etoolbox 2020/10/05 v2.5k e-TeX tools for LaTeX (JAW)
\etb@tempcnta=\count268
) (c:/texlive/2023/texmf-dist/tex/latex/pdfpages/pdfpages.sty
Package: pdfpages 2022/12/19 v0.5x Insert pages of external PDF documents (AM)
 (c:/texlive/2023/texmf-dist/tex/latex/base/ifthen.sty
Package: ifthen 2022/04/13 v1.1d Standard LaTeX ifthen package (DPC)
) (c:/texlive/2023/texmf-dist/tex/latex/tools/calc.sty
Package: calc 2023/07/08 v4.3 Infix arithmetic (KKT,FJ)
\calc@Acount=\count269
\calc@Bcount=\count270
\calc@Adimen=\dimen156
\calc@Bdimen=\dimen157
\calc@Askip=\skip63
\calc@Bskip=\skip64
LaTeX Info: Redefining \setlength on input line 80.
LaTeX Info: Redefining \addtolength on input line 81.
\calc@Ccount=\count271
\calc@Cskip=\skip65
) (c:/texlive/2023/texmf-dist/tex/latex/eso-pic/eso-pic.sty
Package: eso-pic 2023/05/03 v3.0c eso-pic (RN)
\ESO@tempdima=\dimen158
\ESO@tempdimb=\dimen159
)
\AM@pagewidth=\dimen160
\AM@pageheight=\dimen161
\AM@fboxrule=\dimen162
 (c:/texlive/2023/texmf-dist/tex/latex/pdfpages/pppdftex.def
File: pppdftex.def 2022/12/19 v0.5x Pdfpages driver for pdfTeX (AM)
)
\pdfpages@includegraphics@status=\count272
\AM@pagebox=\box52
\AM@global@opts=\toks22
\AM@pagecnt=\count273
\AM@toc@title=\toks23
\AM@lof@heading=\toks24
\c@AM@survey=\count274
\AM@templatesizebox=\box53
) (c:/texlive/2023/texmf-dist/tex/latex/tools/array.sty
Package: array 2023/10/16 v2.5g Tabular extension package (FMi)
\col@sep=\dimen163
\ar@mcellbox=\box54
\extrarowheight=\dimen164
\NC@list=\toks25
\extratabsurround=\skip66
\backup@length=\skip67
\ar@cellbox=\box55
) (c:/texlive/2023/texmf-dist/tex/latex/caption/caption.sty
Package: caption 2023/08/05 v3.6o Customizing captions (AR)
 (c:/texlive/2023/texmf-dist/tex/latex/caption/caption3.sty
Package: caption3 2023/07/31 v2.4d caption3 kernel (AR)
\caption@tempdima=\dimen165
\captionmargin=\dimen166
\caption@leftmargin=\dimen167
\caption@rightmargin=\dimen168
\caption@width=\dimen169
\caption@indent=\dimen170
\caption@parindent=\dimen171
\caption@hangindent=\dimen172
Package caption Info: Standard document class detected.
)
\c@caption@flags=\count275
\c@continuedfloat=\count276
) (c:/texlive/2023/texmf-dist/tex/latex/l3backend/l3backend-pdftex.def
File: l3backend-pdftex.def 2023-11-09 L3 backend support: PDF output (pdfTeX)
\l__color_backend_stack_int=\count277
\l__pdf_internal_box=\box56
) (./GP.aux)
\openout1 = `GP.aux'.

LaTeX Font Info:    Checking defaults for OML/cmm/m/it on input line 73.
LaTeX Font Info:    ... okay on input line 73.
LaTeX Font Info:    Checking defaults for OMS/cmsy/m/n on input line 73.
LaTeX Font Info:    ... okay on input line 73.
LaTeX Font Info:    Checking defaults for OT1/cmr/m/n on input line 73.
LaTeX Font Info:    ... okay on input line 73.
LaTeX Font Info:    Checking defaults for T1/cmr/m/n on input line 73.
LaTeX Font Info:    ... okay on input line 73.
LaTeX Font Info:    Checking defaults for TS1/cmr/m/n on input line 73.
LaTeX Font Info:    ... okay on input line 73.
LaTeX Font Info:    Checking defaults for OMX/cmex/m/n on input line 73.
LaTeX Font Info:    ... okay on input line 73.
LaTeX Font Info:    Checking defaults for U/cmr/m/n on input line 73.
LaTeX Font Info:    ... okay on input line 73.
 (c:/texlive/2023/texmf-dist/tex/context/base/mkii/supp-pdf.mkii
[Loading MPS to PDF converter (version 2006.09.02).]
\scratchcounter=\count278
\scratchdimen=\dimen173
\scratchbox=\box57
\nofMPsegments=\count279
\nofMParguments=\count280
\everyMPshowfont=\toks26
\MPscratchCnt=\count281
\MPscratchDim=\dimen174
\MPnumerator=\count282
\makeMPintoPDFobject=\count283
\everyMPtoPDFconversion=\toks27
) (c:/texlive/2023/texmf-dist/tex/latex/epstopdf-pkg/epstopdf-base.sty
Package: epstopdf-base 2020-01-24 v2.11 Base part for package epstopdf
Package epstopdf-base Info: Redefining graphics rule for `.eps' on input line 485.
 (c:/texlive/2023/texmf-dist/tex/latex/latexconfig/epstopdf-sys.cfg
File: epstopdf-sys.cfg 2010/07/13 v1.3 Configuration of (r)epstopdf for TeX Live
))
*geometry* driver: auto-detecting
*geometry* detected driver: pdftex
*geometry* verbose mode - [ preamble ] result:
* driver: pdftex
* paper: a4paper
* layout: <same size as paper>
* layoutoffset:(h,v)=(0.0pt,0.0pt)
* modes: 
* h-part:(L,W,R)=(72.26999pt, 452.9679pt, 72.26999pt)
* v-part:(T,H,B)=(72.26999pt, 700.50687pt, 72.26999pt)
* \paperwidth=597.50787pt
* \paperheight=845.04684pt
* \textwidth=452.9679pt
* \textheight=700.50687pt
* \oddsidemargin=0.0pt
* \evensidemargin=0.0pt
* \topmargin=-37.0pt
* \headheight=12.0pt
* \headsep=25.0pt
* \topskip=12.0pt
* \footskip=30.0pt
* \marginparwidth=44.0pt
* \marginparsep=10.0pt
* \columnsep=10.0pt
* \skip\footins=10.8pt plus 4.0pt minus 2.0pt
* \hoffset=0.0pt
* \voffset=0.0pt
* \mag=1000
* \@twocolumnfalse
* \@twosidefalse
* \@mparswitchfalse
* \@reversemarginfalse
* (1in=72.27pt=25.4mm, 1cm=28.453pt)

(c:/texlive/2023/texmf-dist/tex/latex/pdflscape/pdflscape.sty
Package: pdflscape 2022-10-27 v0.13 Display of landscape pages in PDF
 (c:/texlive/2023/texmf-dist/tex/latex/pdflscape/pdflscape-nometadata.sty
Package: pdflscape-nometadata 2022-10-28 v0.13 Display of landscape pages in PDF (HO)
 (c:/texlive/2023/texmf-dist/tex/latex/graphics/lscape.sty
Package: lscape 2020/05/28 v3.02 Landscape Pages (DPC)
)
Package pdflscape Info: Auto-detected driver: pdftex on input line 81.
))
Package caption Info: Begin \AtBeginDocument code.
Package caption Info: End \AtBeginDocument code.
<images/yarmouk_university_logo.png, id=1, 890.32625pt x 963.6pt>
File: images/yarmouk_university_logo.png Graphic file (type png)
<use images/yarmouk_university_logo.png>
Package pdftex.def Info: images/yarmouk_university_logo.png  used on input line 97.
(pdftex.def)             Requested size: 67.94241pt x 73.53136pt.


Package fancyhdr Warning: \headheight is too small (12.0pt): 
(fancyhdr)                Make it at least 77.8814pt, for example:
(fancyhdr)                \setlength{\headheight}{77.8814pt}.
(fancyhdr)                You might also make \topmargin smaller to compensate:
(fancyhdr)                \addtolength{\topmargin}{-65.8814pt}.

[1{c:/texlive/2023/texmf-var/fonts/map/pdftex/updmap/pdftex.map}

 <./images/yarmouk_university_logo.png>]
Underfull \hbox (badness 10000) in paragraph at lines 104--107

 []

[1] (./GP.toc
LaTeX Font Info:    External font `cmex10' loaded for size
(Font)              <12> on input line 4.
LaTeX Font Info:    External font `cmex10' loaded for size
(Font)              <8> on input line 4.
LaTeX Font Info:    External font `cmex10' loaded for size
(Font)              <6> on input line 4.
 [2

] [3])
\tf@toc=\write3
\openout3 = `GP.toc'.

 [4] (./GP.lot)
\tf@lot=\write4
\openout4 = `GP.lot'.

 [5

] (./GP.lof [6

])
\tf@lof=\write5
\openout5 = `GP.lof'.

 [7] [8

]
Chapter 1.
[1


{c:/texlive/2023/texmf-dist/fonts/enc/dvips/cm-super/cm-super-ts1.enc}]
<images/fortinet.png, id=40, 702.625pt x 230.8625pt>
File: images/fortinet.png Graphic file (type png)
<use images/fortinet.png>
Package pdftex.def Info: images/fortinet.png  used on input line 172.
(pdftex.def)             Requested size: 362.37569pt x 119.06987pt.
 [2 <./images/fortinet.png>] [3] [4] [5] [6]
<images/HLfig.png, id=59, 1165.35374pt x 550.30594pt>
File: images/HLfig.png Graphic file (type png)
<use images/HLfig.png>
Package pdftex.def Info: images/HLfig.png  used on input line 312.
(pdftex.def)             Requested size: 362.37569pt x 171.12209pt.
 [7 <./images/HLFig.png>] [8]
Chapter 2.
<images/Maps.png, id=67, 571.38469pt x 549.55313pt>
File: images/Maps.png Graphic file (type png)
<use images/Maps.png>
Package pdftex.def Info: images/Maps.png  used on input line 348.
(pdftex.def)             Requested size: 362.37569pt x 348.5347pt.
[9

] [10 <./images/Maps.png>] [11]
Chapter 3.

Overfull \hbox (1.4871pt too wide) in paragraph at lines 362--363
[]\OT1/cmr/m/n/12 The de-sign of the project will fo-cus on en-hanc-ing the net-work con-nec-tiv-ity for Yarmouk
 []



pdfTeX warning: pdflatex.exe (file ./GP Files/Topology.pdf): PDF inclusion: found PDF version <1.7>, but at most version <1.5> allowed
<GP Files/Topology.pdf, id=79, 614.295pt x 794.97pt>
File: GP Files/Topology.pdf Graphic file (type pdf)
<use GP Files/Topology.pdf>
Package pdftex.def Info: GP Files/Topology.pdf  used on input line 365.
(pdftex.def)             Requested size: 614.29349pt x 794.96806pt.


pdfTeX warning: pdflatex.exe (file ./GP Files/Topology.pdf): PDF inclusion: found PDF version <1.7>, but at most version <1.5> allowed
File: GP Files/Topology.pdf Graphic file (type pdf)
<use GP Files/Topology.pdf>
Package pdftex.def Info: GP Files/Topology.pdf  used on input line 365.
(pdftex.def)             Requested size: 614.29349pt x 794.96806pt.


pdfTeX warning: pdflatex.exe (file ./GP Files/Topology.pdf): PDF inclusion: found PDF version <1.7>, but at most version <1.5> allowed
File: GP Files/Topology.pdf Graphic file (type pdf)
<use GP Files/Topology.pdf>
Package pdftex.def Info: GP Files/Topology.pdf  used on input line 365.
(pdftex.def)             Requested size: 614.29349pt x 794.96806pt.


pdfTeX warning: pdflatex.exe (file ./GP Files/Topology.pdf): PDF inclusion: found PDF version <1.7>, but at most version <1.5> allowed


pdfTeX warning: pdflatex.exe (file ./GP Files/Topology.pdf): PDF inclusion: found PDF version <1.7>, but at most version <1.5> allowed
<GP Files/Topology.pdf, id=83, page=1, 614.295pt x 794.97pt>
File: GP Files/Topology.pdf Graphic file (type pdf)
<use GP Files/Topology.pdf, page 1>
Package pdftex.def Info: GP Files/Topology.pdf , page1 used on input line 365.
(pdftex.def)             Requested size: 614.29349pt x 794.96806pt.
File: GP Files/Topology.pdf Graphic file (type pdf)
<use GP Files/Topology.pdf, page 1>
Package pdftex.def Info: GP Files/Topology.pdf , page1 used on input line 365.
(pdftex.def)             Requested size: 597.78697pt x 773.60669pt.
[12

]
File: GP Files/Topology.pdf Graphic file (type pdf)
<use GP Files/Topology.pdf, page 1>
Package pdftex.def Info: GP Files/Topology.pdf , page1 used on input line 365.
(pdftex.def)             Requested size: 597.78697pt x 773.60669pt.
File: GP Files/Topology.pdf Graphic file (type pdf)
<use GP Files/Topology.pdf, page 1>
Package pdftex.def Info: GP Files/Topology.pdf , page1 used on input line 365.
(pdftex.def)             Requested size: 597.78697pt x 773.60669pt.
File: GP Files/Topology.pdf Graphic file (type pdf)
<use GP Files/Topology.pdf, page 1>
Package pdftex.def Info: GP Files/Topology.pdf , page1 used on input line 365.
(pdftex.def)             Requested size: 597.78697pt x 773.60669pt.
 [13 <./GP Files/Topology.pdf>]

pdfTeX warning: pdflatex.exe (file ./GP Files/Topology.pdf): PDF inclusion: found PDF version <1.7>, but at most version <1.5> allowed
<GP Files/Topology.pdf, id=100, page=2, 614.295pt x 794.97pt>
File: GP Files/Topology.pdf Graphic file (type pdf)
<use GP Files/Topology.pdf, page 2>
Package pdftex.def Info: GP Files/Topology.pdf , page2 used on input line 365.
(pdftex.def)             Requested size: 597.78697pt x 773.60669pt.
File: GP Files/Topology.pdf Graphic file (type pdf)
<use GP Files/Topology.pdf, page 2>
Package pdftex.def Info: GP Files/Topology.pdf , page2 used on input line 365.
(pdftex.def)             Requested size: 597.78697pt x 773.60669pt.
File: GP Files/Topology.pdf Graphic file (type pdf)
<use GP Files/Topology.pdf, page 2>
Package pdftex.def Info: GP Files/Topology.pdf , page2 used on input line 365.
(pdftex.def)             Requested size: 597.78697pt x 773.60669pt.
[14 <./GP Files/Topology.pdf>] [15]

LaTeX Warning: `h' float specifier changed to `ht'.

[16]
<images/CiscoFW.jpg, id=113, 408.52625pt x 301.125pt>
File: images/CiscoFW.jpg Graphic file (type jpg)
<use images/CiscoFW.jpg>
Package pdftex.def Info: images/CiscoFW.jpg  used on input line 406.
(pdftex.def)             Requested size: 362.37569pt x 267.12279pt.


LaTeX Warning: `h' float specifier changed to `ht'.

<images/FortiGate.png, id=114, 903.375pt x 353.32pt>
File: images/FortiGate.png Graphic file (type png)
<use images/FortiGate.png>
Package pdftex.def Info: images/FortiGate.png  used on input line 413.
(pdftex.def)             Requested size: 362.37569pt x 141.72983pt.

LaTeX Warning: `h' float specifier changed to `ht'.

<images/Policy.png, id=115, 1443.14156pt x 520.19344pt>
File: images/Policy.png Graphic file (type png)
<use images/Policy.png>
Package pdftex.def Info: images/Policy.png  used on input line 439.
(pdftex.def)             Requested size: 362.37569pt x 130.61954pt.
[17] [18 <./images/CiscoFW.jpg> <./images/FortiGate.png>]
<images/FortiSwitch.png, id=122, 903.375pt x 236.885pt>
File: images/FortiSwitch.png Graphic file (type png)
<use images/FortiSwitch.png>
Package pdftex.def Info: images/FortiSwitch.png  used on input line 449.
(pdftex.def)             Requested size: 362.37569pt x 95.0234pt.
 [19 <./images/Policy.png> <./images/FortiSwitch.png>]
<images/AP.png, id=127, 730.98094pt x 796.47563pt>
File: images/AP.png Graphic file (type png)
<use images/AP.png>
Package pdftex.def Info: images/AP.png  used on input line 467.
(pdftex.def)             Requested size: 362.37569pt x 394.84608pt.


LaTeX Warning: `h' float specifier changed to `ht'.

<images/nat.png, id=128, 475.7775pt x 299.1175pt>
File: images/nat.png Graphic file (type png)
<use images/nat.png>
Package pdftex.def Info: images/nat.png  used on input line 477.
(pdftex.def)             Requested size: 362.37569pt x 227.83371pt.
[20]

LaTeX Warning: `h' float specifier changed to `ht'.

[21 <./images/AP.png>] [22 <./images/nat.png (PNG copy)>]
<images/HA.png, id=140, 485.56406pt x 435.12563pt>
File: images/HA.png Graphic file (type png)
<use images/HA.png>
Package pdftex.def Info: images/HA.png  used on input line 491.
(pdftex.def)             Requested size: 226.48395pt x 202.95543pt.
 [23 <./images/HA.png>] [24] [25]
Underfull \hbox (badness 1484) in paragraph at lines 520--520
\OT1/cmr/m/n/12 en-cryp-tion, in-tegrity, and
 []


Underfull \hbox (badness 2384) in paragraph at lines 521--521
\OT1/cmr/m/n/12 fig-u-ra-tion on both client
 []


Underfull \hbox (badness 4582) in paragraph at lines 522--522
[]|\OT1/cmr/m/n/12 Generally slower due to
 []


Underfull \hbox (badness 8019) in paragraph at lines 522--522
[]|\OT1/cmr/m/n/12 Typically faster due to
 []


Underfull \hbox (badness 2293) in paragraph at lines 524--524
[]|\OT1/cmr/m/n/12 Better at travers-ing fire-
 []

[26]
<images/dns.png, id=154, 5688.25125pt x 2258.4375pt>
File: images/dns.png Graphic file (type png)
<use images/dns.png>
Package pdftex.def Info: images/dns.png  used on input line 548.
(pdftex.def)             Requested size: 362.37569pt x 143.8744pt.
 [27] [28 <./images/dns.png>] [29] [30] [31] [32] [33] [34] [35] [36]
Overfull \hbox (11.42342pt too wide) in paragraph at lines 649--662
 [][] 
 []

[37]
Chapter 4.
<images/Implementation/ports.png, id=192, 1246.6575pt x 651.18282pt>
File: images/Implementation/ports.png Graphic file (type png)
<use images/Implementation/ports.png>
Package pdftex.def Info: images/Implementation/ports.png  used on input line 685.
(pdftex.def)             Requested size: 362.37569pt x 189.28531pt.
<images/Implementation/portconfig.png, id=193, 947.03813pt x 616.55344pt>
File: images/Implementation/portconfig.png Graphic file (type png)
<use images/Implementation/portconfig.png>
Package pdftex.def Info: images/Implementation/portconfig.png  used on input line 691.
(pdftex.def)             Requested size: 362.37569pt x 235.91089pt.
<images/Implementation/intrfsrole.png, id=194, 246.9225pt x 72.27pt>
File: images/Implementation/intrfsrole.png Graphic file (type png)
<use images/Implementation/intrfsrole.png>
Package pdftex.def Info: images/Implementation/intrfsrole.png  used on input line 698.
(pdftex.def)             Requested size: 362.37569pt x 106.06688pt.
<images/Implementation/dns.png, id=195, 537.50812pt x 226.59656pt>
File: images/Implementation/dns.png Graphic file (type png)
<use images/Implementation/dns.png>
Package pdftex.def Info: images/Implementation/dns.png  used on input line 705.
(pdftex.def)             Requested size: 362.37569pt x 152.76627pt.
<images/Implementation/routes.png, id=196, 1255.69125pt x 239.39438pt>
File: images/Implementation/routes.png Graphic file (type png)
<use images/Implementation/routes.png>
Package pdftex.def Info: images/Implementation/routes.png  used on input line 712.
(pdftex.def)             Requested size: 362.37569pt x 69.08287pt.
<images/Implementation/ippolicy.png, id=197, 1254.93843pt x 226.59656pt>
File: images/Implementation/ippolicy.png Graphic file (type png)
<use images/Implementation/ippolicy.png>
Package pdftex.def Info: images/Implementation/ippolicy.png  used on input line 719.
(pdftex.def)             Requested size: 362.37569pt x 65.43124pt.
<images/Implementation/ippolicyoptions.png, id=198, 987.69pt x 638.385pt>
File: images/Implementation/ippolicyoptions.png Graphic file (type png)
<use images/Implementation/ippolicyoptions.png>
Package pdftex.def Info: images/Implementation/ippolicyoptions.png  used on input line 726.
(pdftex.def)             Requested size: 362.37569pt x 234.2116pt.
[38

]
<images/Implementation/av.png, id=202, 1087.81406pt x 602.25pt>
File: images/Implementation/av.png Graphic file (type png)
<use images/Implementation/av.png>
Package pdftex.def Info: images/Implementation/av.png  used on input line 736.
(pdftex.def)             Requested size: 362.37569pt x 200.62697pt.
<images/Implementation/wf1.png, id=203, 953.81343pt x 619.56468pt>
File: images/Implementation/wf1.png Graphic file (type png)
<use images/Implementation/wf1.png>
Package pdftex.def Info: images/Implementation/wf1.png  used on input line 743.
(pdftex.def)             Requested size: 362.37569pt x 235.38976pt.
<images/Implementation/wf2.png, id=204, 962.84718pt x 646.66594pt>
File: images/Implementation/wf2.png Graphic file (type png)
<use images/Implementation/wf2.png>
Package pdftex.def Info: images/Implementation/wf2.png  used on input line 749.
(pdftex.def)             Requested size: 362.37569pt x 243.37732pt.
<images/Implementation/wf3.png, id=205, 977.90344pt x 289.83281pt>
File: images/Implementation/wf3.png Graphic file (type png)
<use images/Implementation/wf3.png>
Package pdftex.def Info: images/Implementation/wf3.png  used on input line 755.
(pdftex.def)             Requested size: 362.37569pt x 107.40009pt.
<images/Implementation/dnsf.png, id=206, 1202.24156pt x 574.39594pt>
File: images/Implementation/dnsf.png Graphic file (type png)
<use images/Implementation/dnsf.png>
Package pdftex.def Info: images/Implementation/dnsf.png  used on input line 762.
(pdftex.def)             Requested size: 362.37569pt x 173.13521pt.
<images/Implementation/ac.png, id=207, 1280.53406pt x 688.07062pt>
File: images/Implementation/ac.png Graphic file (type png)
<use images/Implementation/ac.png>
Package pdftex.def Info: images/Implementation/ac.png  used on input line 769.
(pdftex.def)             Requested size: 362.37569pt x 194.71628pt.
<images/Implementation/vpnsetup.png, id=208, 1257.19687pt x 459.96844pt>
File: images/Implementation/vpnsetup.png Graphic file (type png)
<use images/Implementation/vpnsetup.png>
Package pdftex.def Info: images/Implementation/vpnsetup.png  used on input line 776.
(pdftex.def)             Requested size: 362.37569pt x 132.58029pt.
<images/Implementation/vpn2.png, id=209, 1266.98344pt x 414.04688pt>
File: images/Implementation/vpn2.png Graphic file (type png)
<use images/Implementation/vpn2.png>
Package pdftex.def Info: images/Implementation/vpn2.png  used on input line 782.
(pdftex.def)             Requested size: 362.37569pt x 118.42155pt.
<images/Implementation/ap.png, id=210, 1256.44406pt x 387.69844pt>
File: images/Implementation/ap.png Graphic file (type png)
<use images/Implementation/ap.png>
Package pdftex.def Info: images/Implementation/ap.png  used on input line 789.
(pdftex.def)             Requested size: 362.37569pt x 111.81442pt.
<images/Implementation/fl.png, id=211, 1142.76938pt x 542.025pt>
File: images/Implementation/fl.png Graphic file (type png)
<use images/Implementation/fl.png>
Package pdftex.def Info: images/Implementation/fl.png  used on input line 795.
(pdftex.def)             Requested size: 362.37569pt x 171.88011pt.
<images/Implementation/flports1.png, id=212, 1121.69063pt x 380.92313pt>
File: images/Implementation/flports1.png Graphic file (type png)
<use images/Implementation/flports1.png>
Package pdftex.def Info: images/Implementation/flports1.png  used on input line 801.
(pdftex.def)             Requested size: 362.37569pt x 123.06036pt.
<images/Implementation/fltop.png, id=213, 1438.6247pt x 643.6547pt>
File: images/Implementation/fltop.png Graphic file (type png)
<use images/Implementation/fltop.png>
Package pdftex.def Info: images/Implementation/fltop.png  used on input line 807.
(pdftex.def)             Requested size: 362.37569pt x 162.13112pt.
<images/Implementation/flvlans.png, id=214, 1249.66875pt x 368.1253pt>
File: images/Implementation/flvlans.png Graphic file (type png)
<use images/Implementation/flvlans.png>
Package pdftex.def Info: images/Implementation/flvlans.png  used on input line 814.
(pdftex.def)             Requested size: 362.37569pt x 106.74799pt.
<images/Implementation/flports2.png, id=215, 1254.93843pt x 655.69969pt>
File: images/Implementation/flports2.png Graphic file (type png)
<use images/Implementation/flports2.png>
Package pdftex.def Info: images/Implementation/flports2.png  used on input line 820.
(pdftex.def)             Requested size: 362.37569pt x 189.33762pt.
<images/Implementation/ssid.png, id=216, 1264.725pt x 283.0575pt>
File: images/Implementation/ssid.png Graphic file (type png)
<use images/Implementation/ssid.png>
Package pdftex.def Info: images/Implementation/ssid.png  used on input line 828.
(pdftex.def)             Requested size: 362.37569pt x 81.09981pt.
 [39 <./images/Implementation/ports.png>] [40 <./images/Implementation/portconfig.png> <./images/Implementation/intrfsrole.png> <./images/Implementation/dns.png> <./images/Implementation/routes.png>] [41 <./images/Implementation/ippolicy.png> <./images/Implementation/ippolicyoptions.png> <./images/Implementation/av.png>] [42 <./images/Implementation/wf1.png>] [43 <./images/Implementation/wf2.png> <./images/Implementation/wf3.png> <./images/Implementation/dnsf.png>]

LaTeX Warning: `h' float specifier changed to `ht'.

[44 <./images/Implementation/ac.png> <./images/Implementation/vpnsetup.png>] [45 <./images/Implementation/vpn2.png> <./images/Implementation/ap.png> <./images/Implementation/fl.png> <./images/Implementation/flports1.png>] [46 <./images/Implementation/fltop.png> <./images/Implementation/flvlans.png> <./images/Implementation/flports2.png> <./images/Implementation/ssid.png>]
<images/Implementation/vip.png, id=265, 1081.03876pt x 499.8675pt>
File: images/Implementation/vip.png Graphic file (type png)
<use images/Implementation/vip.png>
Package pdftex.def Info: images/Implementation/vip.png  used on input line 857.
(pdftex.def)             Requested size: 362.37569pt x 167.55771pt.
 [47 <./images/Implementation/vip.png>]
<images/Implementation/haconfig.png, id=270, 1162.3425pt x 506.6428pt>
File: images/Implementation/haconfig.png Graphic file (type png)
<use images/Implementation/haconfig.png>
Package pdftex.def Info: images/Implementation/haconfig.png  used on input line 875.
(pdftex.def)             Requested size: 362.37569pt x 157.9544pt.
<images/Implementation/ts.png, id=271, 1166.85938pt x 530.73282pt>
File: images/Implementation/ts.png Graphic file (type png)
<use images/Implementation/ts.png>
Package pdftex.def Info: images/Implementation/ts.png  used on input line 883.
(pdftex.def)             Requested size: 362.37569pt x 164.817pt.
<images/Implementation/tspolicy.png, id=272, 1006.51031pt x 475.7775pt>
File: images/Implementation/tspolicy.png Graphic file (type png)
<use images/Implementation/tspolicy.png>
Package pdftex.def Info: images/Implementation/tspolicy.png  used on input line 889.
(pdftex.def)             Requested size: 362.37569pt x 171.29428pt.
<images/Implementation/auto.png, id=273, 1257.94969pt x 629.35126pt>
File: images/Implementation/auto.png Graphic file (type png)
<use images/Implementation/auto.png>
Package pdftex.def Info: images/Implementation/auto.png  used on input line 898.
(pdftex.def)             Requested size: 362.37569pt x 181.2972pt.
 [48 <./images/Implementation/haconfig.png> <./images/Implementation/ts.png>] [49 <./images/Implementation/tspolicy.png> <./images/Implementation/auto.png>]
Chapter 5.
[50

]
Chapter 6.
[51

]
Chapter 7.
[52

] [53]
Chapter 8.
[54

] (./GP.bbl
Underfull \hbox (badness 10000) in paragraph at lines 4--6
[]$\OT1/cmtt/m/n/12 https : / / www . cisco . com / c / en _ uk / products / security / firewalls / index-[]1b .
 []


Underfull \hbox (badness 10000) in paragraph at lines 16--18
[]$\OT1/cmtt/m/n/12 https : / / www . enbitcon . com / shop / fortinet / promo / fortinet-[]promo /
 []


Underfull \hbox (badness 10000) in paragraph at lines 20--22
[]$\OT1/cmtt/m/n/12 https : / / www . computernetworkingnotes . com / ccna-[]study-[]guide /
 []


Underfull \hbox (badness 3826) in paragraph at lines 20--22
\OT1/cmtt/m/n/12 how-[]to-[]configure-[]dynamic-[]nat-[]in-[]cisco-[]router . html$\OT1/cmr/m/n/12 .  Ac-cessed: 2024-
 []


Underfull \hbox (badness 10000) in paragraph at lines 44--46
[]$\OT1/cmtt/m/n/12 https : / / www . ineteconomics . org / research / research-[]papers /
 []


Overfull \hbox (135.19876pt too wide) in paragraph at lines 44--46
\OT1/cmtt/m/n/12 the-[]pursuit-[]of-[]shareholder-[]value-[]ciscos-[]transformation-[]from-[]innovation-[]to-[]financialization$\OT1/cmr/m/n/12 .
 []


Underfull \hbox (badness 10000) in paragraph at lines 52--54
[]$\OT1/cmtt/m/n/12 https : / / www . checkpoint . com / cyber-[]hub / network-[]security /
 []


Overfull \hbox (203.1238pt too wide) in paragraph at lines 56--58
[]$\OT1/cmtt/m/n/12 https : / / luminisindia . com / it-[]networking-[]blog / 153-[]journey-[]from-[]legacy-[]to-[]next-[]generation-[]firewalls-[]ngfw$\OT1/cmr/m/n/12 .
 []

[55

]
Underfull \hbox (badness 10000) in paragraph at lines 60--62
[]$\OT1/cmtt/m/n/12 https : / / docs . fortinet . com / document / fortigate / 7 . 4 . 4 /
 []


Underfull \hbox (badness 10000) in paragraph at lines 60--62
\OT1/cmtt/m/n/12 administration-[]guide / 118003 / policies# : [] : text = These % 20policies % 20are %
 []


Underfull \hbox (badness 2111) in paragraph at lines 60--62
\OT1/cmtt/m/n/12 20essentially % 20discrete ,[] to % 20pass % 20through % 20the % 20FortiGate.$  \OT1/cmr/m/n/12 Ac-
 []


Underfull \hbox (badness 10000) in paragraph at lines 64--66
[]$\OT1/cmtt/m/n/12 https : / / www . cloudflare . com / learning / network-[]layer /
 []


Underfull \hbox (badness 7649) in paragraph at lines 72--74
[]$\OT1/cmtt/m/n/12 https : / / www . fortinet . com / products / wireless-[]access-[]points$\OT1/cmr/m/n/12 .  Ac-cessed:
 []


Underfull \hbox (badness 10000) in paragraph at lines 76--78
[]$\OT1/cmtt/m/n/12 https : / / docs . fortinet . com / document / fortigate / 5 . 6 . 0 / cookbook / 335151 /
 []


Underfull \hbox (badness 10000) in paragraph at lines 84--86
[]$\OT1/cmtt/m/n/12 https : / / docs . fortinet . com / document / fortigate / 7 . 4 . 4 /
 []


Underfull \hbox (badness 10000) in paragraph at lines 88--90
[]$\OT1/cmtt/m/n/12 https : / / docs . fortinet . com / document / fortigate / 7 . 4 . 4 /
 []


Underfull \hbox (badness 10000) in paragraph at lines 92--94
[]$\OT1/cmtt/m/n/12 https : / / docs . paloaltonetworks . com / pan-[]os / 9-[]1 / pan-[]os-[]admin /
 []


Underfull \hbox (badness 10000) in paragraph at lines 96--98
[]\OT1/cmr/m/n/12 https://docs.fortinet.com/document/fortigate/5.4.0/cookbook/361386/protecting-
 []


Underfull \hbox (badness 10000) in paragraph at lines 100--102
[]$\OT1/cmtt/m/n/12 https : / / www . fortinet . com / resources / cyberglossary /
 []

[56]
Underfull \hbox (badness 10000) in paragraph at lines 108--110
[]$\OT1/cmtt/m/n/12 https : / / www . cloudflare . com / learning / network-[]layer / ipsec-[]vs-[]ssl-[]vpn/$\OT1/cmr/m/n/12 .
 []


Underfull \hbox (badness 10000) in paragraph at lines 112--114
[]$\OT1/cmtt/m/n/12 https : / / docs . fortinet . com / document / fortigate / 7 . 4 . 4 /
 []


Underfull \hbox (badness 10000) in paragraph at lines 120--122
[]$\OT1/cmtt/m/n/12 https : / / www . fortinet . com / resources / cyberglossary /
 []


Overfull \hbox (64.27373pt too wide) in paragraph at lines 124--126
[]$\OT1/cmtt/m/n/12 https : / / www . ibm . com / docs / en / i / 7 . 3 ? topic = services-[]trivial-[]file-[]transfer-[]protocol$\OT1/cmr/m/n/12 .
 []


Underfull \hbox (badness 10000) in paragraph at lines 128--130
[]$\OT1/cmtt/m/n/12 https : / / docs . fortinet . com / document / fortigate / 6 . 4 . 0 /
 []


Underfull \hbox (badness 10000) in paragraph at lines 132--134
[]$\OT1/cmtt/m/n/12 https : / / docs . fortinet . com / document / fortigate / 7 . 4 . 4 /
 []


Underfull \hbox (badness 10000) in paragraph at lines 136--138
[]$\OT1/cmtt/m/n/12 https : / / docs . fortinet . com / document / fortigate / 6 . 2 . 16 / cookbook / 605868 /
 []


Underfull \hbox (badness 10000) in paragraph at lines 140--142
[]$\OT1/cmtt/m/n/12 https : / / docs . fortinet . com / document / fortigate / 6 . 2 . 16 / cookbook / 302748 /
 []


Underfull \hbox (badness 10000) in paragraph at lines 144--146
[]$\OT1/cmtt/m/n/12 https : / / docs . fortinet . com / document / fortigate / 6 . 2 . 16 / cookbook / 565562 /
 []


Underfull \hbox (badness 10000) in paragraph at lines 148--150
[]$\OT1/cmtt/m/n/12 https : / / docs . fortinet . com / document / fortigate / 6 . 2 . 16 / cookbook / 836396 /
 []

[57]
Underfull \hbox (badness 10000) in paragraph at lines 152--154
[]$\OT1/cmtt/m/n/12 https : / / docs . fortinet . com / document / fortigate / 6 . 2 . 16 / cookbook / 929997 /
 []


Underfull \hbox (badness 10000) in paragraph at lines 156--158
[]$\OT1/cmtt/m/n/12 https : / / docs . fortinet . com / document / fortigate / 6 . 2 . 16 / cookbook / 933502 /
 []


Underfull \hbox (badness 10000) in paragraph at lines 160--162
[]$\OT1/cmtt/m/n/12 https : / / docs . fortinet . com / document / fortigate / 6 . 2 . 16 / cookbook / 885253 /
 []


Underfull \hbox (badness 10000) in paragraph at lines 164--165
[]$\OT1/cmtt/m/n/12 https : / / www . petra . gov . jo / Include / InnerPage . jsp ? ID = 267484 & lang = ar &
 []


Underfull \hbox (badness 3503) in paragraph at lines 183--185
[]$\OT1/cmtt/m/n/12 https : / / www . ieee . org / about / corporate / governance / p7-[]8 . html$\OT1/cmr/m/n/12 .  Ac-cessed:
 []


Underfull \hbox (badness 10000) in paragraph at lines 187--189
[]$\OT1/cmtt/m/n/12 https : / / investor . fortinet . com / committee-[]details /
 []

) [58]
Appendix A.
[59

] (./GP.aux)
 ***********
LaTeX2e <2023-11-01>
L3 programming layer <2023-11-09>
 ***********
 ) 
Here is how much of TeX's memory you used:
 6616 strings out of 474267
 111806 string characters out of 5751465
 1942558 words of memory out of 5000000
 28757 multiletter control sequences out of 15000+600000
 563435 words of font info for 54 fonts, out of 8000000 for 9000
 1141 hyphenation exceptions out of 8191
 68i,17n,67p,1754b,486s stack positions out of 10000i,1000n,20000p,200000b,200000s
<c:/texlive/2023/texmf-dist/fonts/type1/public/amsfonts/cm/cmbx12.pfb><c:/texlive/2023/texmf-dist/fonts/type1/public/amsfonts/cm/cmr12.pfb><c:/texlive/2023/texmf-dist/fonts/type1/public/amsfonts/cm/cmtt12.pfb><c:/texlive/2023/texmf-dist/fonts/type1/public/cm-super/sfrm1200.pfb>
Output written on GP.pdf (68 pages, 4650029 bytes).
PDF statistics:
 338 PDF objects out of 1000 (max. 8388607)
 174 compressed objects within 2 object streams
 0 named destinations out of 1000 (max. 500000)
 226 words of extra memory for PDF output out of 10000 (max. 10000000)

